                              1 ;--------------------------------------------------------
                              2 ; File Created by SDCC : FreeWare ANSI-C Compiler
                              3 ; Version 2.2.1 Fri Mar 15 23:22:24 2019
                              4 
                              5 ;--------------------------------------------------------
                              6 	.module lcc138840
                              7 	
                              8 ;--------------------------------------------------------
                              9 ; Public variables in this module
                             10 ;--------------------------------------------------------
                             11 	.globl _initialization
                             12 	.globl _main
                             13 	.globl _initialization
                             14 	.globl _main
                             15 ;--------------------------------------------------------
                             16 ; Externals used
                             17 ;--------------------------------------------------------
                             18 	.globl _IE_REG
                             19 	.globl _SVBK_REG
                             20 	.globl _OCPD_REG
                             21 	.globl _OCPS_REG
                             22 	.globl _BCPD_REG
                             23 	.globl _BCPS_REG
                             24 	.globl _RP_REG
                             25 	.globl _HDMA5_REG
                             26 	.globl _HDMA4_REG
                             27 	.globl _HDMA3_REG
                             28 	.globl _HDMA2_REG
                             29 	.globl _HDMA1_REG
                             30 	.globl _VBK_REG
                             31 	.globl _KEY1_REG
                             32 	.globl _WX_REG
                             33 	.globl _WY_REG
                             34 	.globl _OBP1_REG
                             35 	.globl _OBP0_REG
                             36 	.globl _BGP_REG
                             37 	.globl _DMA_REG
                             38 	.globl _LYC_REG
                             39 	.globl _LY_REG
                             40 	.globl _SCX_REG
                             41 	.globl _SCY_REG
                             42 	.globl _STAT_REG
                             43 	.globl _LCDC_REG
                             44 	.globl _NR52_REG
                             45 	.globl _NR51_REG
                             46 	.globl _NR50_REG
                             47 	.globl _NR44_REG
                             48 	.globl _NR43_REG
                             49 	.globl _NR42_REG
                             50 	.globl _NR41_REG
                             51 	.globl _NR34_REG
                             52 	.globl _NR33_REG
                             53 	.globl _NR32_REG
                             54 	.globl _NR31_REG
                             55 	.globl _NR30_REG
                             56 	.globl _NR24_REG
                             57 	.globl _NR23_REG
                             58 	.globl _NR22_REG
                             59 	.globl _NR21_REG
                             60 	.globl _NR14_REG
                             61 	.globl _NR13_REG
                             62 	.globl _NR12_REG
                             63 	.globl _NR11_REG
                             64 	.globl _NR10_REG
                             65 	.globl _IF_REG
                             66 	.globl _TAC_REG
                             67 	.globl _TMA_REG
                             68 	.globl _TIMA_REG
                             69 	.globl _DIV_REG
                             70 	.globl _SC_REG
                             71 	.globl _SB_REG
                             72 	.globl _P1_REG
                             73 	.globl __io_out
                             74 	.globl __io_in
                             75 	.globl __io_status
                             76 	.globl _sys_time
                             77 	.globl __cpu
                             78 ;--------------------------------------------------------
                             79 ; special function registers
                             80 ;--------------------------------------------------------
                             81 ;--------------------------------------------------------
                             82 ; special function bits 
                             83 ;--------------------------------------------------------
                             84 ;--------------------------------------------------------
                             85 ; internal ram data
                             86 ;--------------------------------------------------------
                             87 	.area _DATA
                             88 ;--------------------------------------------------------
                             89 ; overlayable items in internal ram 
                             90 ;--------------------------------------------------------
                             91 	.area _OVERLAY
                             92 ;--------------------------------------------------------
                             93 ; indirectly addressable internal ram data
                             94 ;--------------------------------------------------------
                             95 	.area _ISEG
                             96 ;--------------------------------------------------------
                             97 ; bit data
                             98 ;--------------------------------------------------------
                             99 	.area _BSEG
                            100 ;--------------------------------------------------------
                            101 ; external ram data
                            102 ;--------------------------------------------------------
                            103 	.area _XSEG
                            104 ;--------------------------------------------------------
                            105 ; global & static initialisations
                            106 ;--------------------------------------------------------
                            107 	.area _GSINIT
                            108 	.area _GSFINAL
                            109 	.area _GSINIT
                            110 ;--------------------------------------------------------
                            111 ; Home
                            112 ;--------------------------------------------------------
                            113 	.area _HOME
                            114 	.area _CODE
                            115 ;--------------------------------------------------------
                            116 ; code
                            117 ;--------------------------------------------------------
                            118 	.area _CODE
                            119 ;	main.c 4
                            120 ; genLabel
                            121 ; genFunction
                            122 ;	---------------------------------
                            123 ; Function main
                            124 ; ---------------------------------
   0000                     125 ___main_start:
   0000                     126 _main:
                            127 	
                            128 ;	main.c 5
                            129 ; genCall
   0000 CD 00 00            130 	call	initialization
                            131 ;	main.c 7
                            132 ; genLabel
   0003                     133 00102$:
                            134 ; genGoto
   0003 C3 03 00            135 	jp	00102$
                            136 ; genLabel
   0006                     137 00104$:
                            138 ; genEndFunction
                            139 	
   0006 C9                  140 	ret
   0007                     141 ___main_end:
                            142 ;	main.c 12
                            143 ; genLabel
                            144 ; genFunction
                            145 ;	---------------------------------
                            146 ; Function initialization
                            147 ; ---------------------------------
   0007                     148 ___initialization_start:
   0007                     149 _initialization:
                            150 	
                            151 ;	main.c 13
                            152 ; genOr
                            153 ; AOP_SFR for _LCDC_REG
                            154 ; Type res[4] = l[4]&r[1]
                            155 ; Size res[1] = l[1]&r[1]
   0007 F0 00               156 	ldh	a,(_LCDC_REG+0) ; x
   0009 F6 80               157 	or	a,#0x80
   000B E0 00               158 	ldh	(_LCDC_REG+0),a
                            159 ;	main.c 14
                            160 ; genAssign
                            161 ; AOP_SFR for _NR52_REG
   000D 3E 8F               162 	ld	a,#0x8F
   000F E0 00               163 	ldh	(_NR52_REG+0),a
                            164 ;	main.c 15
                            165 ; genAssign
                            166 ; AOP_SFR for _NR51_REG
   0011 3E 11               167 	ld	a,#0x11
   0013 E0 00               168 	ldh	(_NR51_REG+0),a
                            169 ;	main.c 16
                            170 ; genAssign
                            171 ; AOP_SFR for _NR50_REG
   0015 3E 77               172 	ld	a,#0x77
   0017 E0 00               173 	ldh	(_NR50_REG+0),a
                            174 ; genLabel
   0019                     175 00101$:
                            176 ; genEndFunction
                            177 	
   0019 C9                  178 	ret
   001A                     179 ___initialization_end:
                            180 	.area _CODE
ASxxxx Assembler V01.75  (GameBoy Z80-like CPU), page 1.

Symbol Table

    _BCPD_REG                          **** GX
    _BCPS_REG                          **** GX
    _BGP_REG                           **** GX
    _DIV_REG                           **** GX
    _DMA_REG                           **** GX
    _HDMA1_REG                         **** GX
    _HDMA2_REG                         **** GX
    _HDMA3_REG                         **** GX
    _HDMA4_REG                         **** GX
    _HDMA5_REG                         **** GX
    _IE_REG                            **** GX
    _IF_REG                            **** GX
    _KEY1_REG                          **** GX
    _LCDC_REG                          **** GX
    _LYC_REG                           **** GX
    _LY_REG                            **** GX
    _NR10_REG                          **** GX
    _NR11_REG                          **** GX
    _NR12_REG                          **** GX
    _NR13_REG                          **** GX
    _NR14_REG                          **** GX
    _NR21_REG                          **** GX
    _NR22_REG                          **** GX
    _NR23_REG                          **** GX
    _NR24_REG                          **** GX
    _NR30_REG                          **** GX
    _NR31_REG                          **** GX
    _NR32_REG                          **** GX
    _NR33_REG                          **** GX
    _NR34_REG                          **** GX
    _NR41_REG                          **** GX
    _NR42_REG                          **** GX
    _NR43_REG                          **** GX
    _NR44_REG                          **** GX
    _NR50_REG                          **** GX
    _NR51_REG                          **** GX
    _NR52_REG                          **** GX
    _OBP0_REG                          **** GX
    _OBP1_REG                          **** GX
    _OCPD_REG                          **** GX
    _OCPS_REG                          **** GX
    _P1_REG                            **** GX
    _RP_REG                            **** GX
    _SB_REG                            **** GX
    _SCX_REG                           **** GX
    _SCY_REG                           **** GX
    _SC_REG                            **** GX
    _STAT_REG                          **** GX
    _SVBK_REG                          **** GX
    _TAC_REG                           **** GX
    _TIMA_REG                          **** GX
    _TMA_REG                           **** GX
    _VBK_REG                           **** GX
    _WX_REG                            **** GX
    _WY_REG                            **** GX
  0 ___initialization_end              001A R
  0 ___initialization_start            0007 R
  0 ___main_end                        0007 R
  0 ___main_start                      0000 R
    __cpu                              **** GX
    __io_in                            **** GX
    __io_out                           **** GX
    __io_status                        **** GX
  0 _initialization                    0007 GR
  0 _main                              0000 GR
    _sys_time                          **** GX
    initialization                     **** GX

ASxxxx Assembler V01.75  (GameBoy Z80-like CPU), page 2.

Area Table

   0 _CODE                              size   1A   flags 0
   1 _DATA                              size    0   flags 0
   2 _OVERLAY                           size    0   flags 0
   3 _ISEG                              size    0   flags 0
   4 _BSEG                              size    0   flags 0
   5 _XSEG                              size    0   flags 0
   6 _GSINIT                            size    0   flags 0
   7 _GSFINAL                           size    0   flags 0
   8 _HOME                              size    0   flags 0
